<?xml version="1.0" encoding="UTF-8"?>
<testsuite name="com.team18.baseball.BaseballApplicationTests" tests="1" skipped="0" failures="0" errors="0" timestamp="2021-05-13T16:02:54" hostname="DESKTOP-0TKQH25" time="0.363">
  <properties/>
  <testcase name="contextLoads()" classname="com.team18.baseball.BaseballApplicationTests" time="0.363"/>
  <system-out><![CDATA[01:02:46.840 [Test worker] DEBUG org.springframework.test.context.BootstrapUtils - Instantiating CacheAwareContextLoaderDelegate from class [org.springframework.test.context.cache.DefaultCacheAwareContextLoaderDelegate]
01:02:46.864 [Test worker] DEBUG org.springframework.test.context.BootstrapUtils - Instantiating BootstrapContext using constructor [public org.springframework.test.context.support.DefaultBootstrapContext(java.lang.Class,org.springframework.test.context.CacheAwareContextLoaderDelegate)]
01:02:46.916 [Test worker] DEBUG org.springframework.test.context.BootstrapUtils - Instantiating TestContextBootstrapper for test class [com.team18.baseball.BaseballApplicationTests] from class [org.springframework.boot.test.context.SpringBootTestContextBootstrapper]
01:02:46.935 [Test worker] INFO org.springframework.boot.test.context.SpringBootTestContextBootstrapper - Neither @ContextConfiguration nor @ContextHierarchy found for test class [com.team18.baseball.BaseballApplicationTests], using SpringBootContextLoader
01:02:46.942 [Test worker] DEBUG org.springframework.test.context.support.AbstractContextLoader - Did not detect default resource location for test class [com.team18.baseball.BaseballApplicationTests]: class path resource [com/team18/baseball/BaseballApplicationTests-context.xml] does not exist
01:02:46.942 [Test worker] DEBUG org.springframework.test.context.support.AbstractContextLoader - Did not detect default resource location for test class [com.team18.baseball.BaseballApplicationTests]: class path resource [com/team18/baseball/BaseballApplicationTestsContext.groovy] does not exist
01:02:46.943 [Test worker] INFO org.springframework.test.context.support.AbstractContextLoader - Could not detect default resource locations for test class [com.team18.baseball.BaseballApplicationTests]: no resource found for suffixes {-context.xml, Context.groovy}.
01:02:46.943 [Test worker] INFO org.springframework.test.context.support.AnnotationConfigContextLoaderUtils - Could not detect default configuration classes for test class [com.team18.baseball.BaseballApplicationTests]: BaseballApplicationTests does not declare any static, non-private, non-final, nested classes annotated with @Configuration.
01:02:47.011 [Test worker] DEBUG org.springframework.test.context.support.ActiveProfilesUtils - Could not find an 'annotation declaring class' for annotation type [org.springframework.test.context.ActiveProfiles] and class [com.team18.baseball.BaseballApplicationTests]
01:02:47.112 [Test worker] DEBUG org.springframework.context.annotation.ClassPathScanningCandidateComponentProvider - Identified candidate component class: file [C:\java2\codesquad_project\baseball\baseball\be\build\classes\java\main\com\team18\baseball\BaseballApplication.class]
01:02:47.118 [Test worker] INFO org.springframework.boot.test.context.SpringBootTestContextBootstrapper - Found @SpringBootConfiguration com.team18.baseball.BaseballApplication for test class com.team18.baseball.BaseballApplicationTests
01:02:47.290 [Test worker] DEBUG org.springframework.boot.test.context.SpringBootTestContextBootstrapper - @TestExecutionListeners is not present for class [com.team18.baseball.BaseballApplicationTests]: using defaults.
01:02:47.291 [Test worker] INFO org.springframework.boot.test.context.SpringBootTestContextBootstrapper - Loaded default TestExecutionListener class names from location [META-INF/spring.factories]: [org.springframework.boot.test.autoconfigure.restdocs.RestDocsTestExecutionListener, org.springframework.boot.test.autoconfigure.web.client.MockRestServiceServerResetTestExecutionListener, org.springframework.boot.test.autoconfigure.web.servlet.MockMvcPrintOnlyOnFailureTestExecutionListener, org.springframework.boot.test.autoconfigure.web.servlet.WebDriverTestExecutionListener, org.springframework.boot.test.autoconfigure.webservices.client.MockWebServiceServerTestExecutionListener, org.springframework.boot.test.mock.mockito.MockitoTestExecutionListener, org.springframework.boot.test.mock.mockito.ResetMocksTestExecutionListener, org.springframework.test.context.web.ServletTestExecutionListener, org.springframework.test.context.support.DirtiesContextBeforeModesTestExecutionListener, org.springframework.test.context.event.ApplicationEventsTestExecutionListener, org.springframework.test.context.support.DependencyInjectionTestExecutionListener, org.springframework.test.context.support.DirtiesContextTestExecutionListener, org.springframework.test.context.transaction.TransactionalTestExecutionListener, org.springframework.test.context.jdbc.SqlScriptsTestExecutionListener, org.springframework.test.context.event.EventPublishingTestExecutionListener]
01:02:47.322 [Test worker] INFO org.springframework.boot.test.context.SpringBootTestContextBootstrapper - Using TestExecutionListeners: [org.springframework.test.context.web.ServletTestExecutionListener@2b677ece, org.springframework.test.context.support.DirtiesContextBeforeModesTestExecutionListener@6653d707, org.springframework.test.context.event.ApplicationEventsTestExecutionListener@cb1ea37, org.springframework.boot.test.mock.mockito.MockitoTestExecutionListener@7b41d188, org.springframework.boot.test.autoconfigure.SpringBootDependencyInjectionTestExecutionListener@6b405120, org.springframework.test.context.support.DirtiesContextTestExecutionListener@13d358a0, org.springframework.test.context.transaction.TransactionalTestExecutionListener@1030e8bf, org.springframework.test.context.jdbc.SqlScriptsTestExecutionListener@6508b6a0, org.springframework.test.context.event.EventPublishingTestExecutionListener@ca83270, org.springframework.boot.test.autoconfigure.restdocs.RestDocsTestExecutionListener@5376d1d, org.springframework.boot.test.autoconfigure.web.client.MockRestServiceServerResetTestExecutionListener@12d50814, org.springframework.boot.test.autoconfigure.web.servlet.MockMvcPrintOnlyOnFailureTestExecutionListener@32c81158, org.springframework.boot.test.autoconfigure.web.servlet.WebDriverTestExecutionListener@7f3e9ec3, org.springframework.boot.test.autoconfigure.webservices.client.MockWebServiceServerTestExecutionListener@41df5bbc, org.springframework.boot.test.mock.mockito.ResetMocksTestExecutionListener@7b706e3b]
01:02:47.328 [Test worker] DEBUG org.springframework.test.context.support.AbstractDirtiesContextTestExecutionListener - Before test class: context [DefaultTestContext@20d6e6ec testClass = BaseballApplicationTests, testInstance = [null], testMethod = [null], testException = [null], mergedContextConfiguration = [WebMergedContextConfiguration@5056f84e testClass = BaseballApplicationTests, locations = '{}', classes = '{class com.team18.baseball.BaseballApplication}', contextInitializerClasses = '[]', activeProfiles = '{}', propertySourceLocations = '{}', propertySourceProperties = '{org.springframework.boot.test.context.SpringBootTestContextBootstrapper=true}', contextCustomizers = set[org.springframework.boot.test.autoconfigure.actuate.metrics.MetricsExportContextCustomizerFactory$DisableMetricExportContextCustomizer@33a54c67, org.springframework.boot.test.autoconfigure.properties.PropertyMappingContextCustomizer@0, org.springframework.boot.test.autoconfigure.web.servlet.WebDriverContextCustomizerFactory$Customizer@2fe5a4, org.springframework.boot.test.context.filter.ExcludeFilterContextCustomizer@4c136bd5, org.springframework.boot.test.json.DuplicateJsonObjectContextCustomizerFactory$DuplicateJsonObjectContextCustomizer@3426e686, org.springframework.boot.test.mock.mockito.MockitoContextCustomizer@0, org.springframework.boot.test.web.client.TestRestTemplateContextCustomizer@58053765, org.springframework.boot.test.context.SpringBootTestArgs@1, org.springframework.boot.test.context.SpringBootTestWebEnvironment@50effbde], resourceBasePath = 'src/main/webapp', contextLoader = 'org.springframework.boot.test.context.SpringBootContextLoader', parent = [null]], attributes = map['org.springframework.test.context.web.ServletTestExecutionListener.activateListener' -> true]], class annotated with @DirtiesContext [false] with mode [null].
01:02:47.376 [Test worker] DEBUG org.springframework.test.context.support.TestPropertySourceUtils - Adding inlined properties to environment: {spring.jmx.enabled=false, org.springframework.boot.test.context.SpringBootTestContextBootstrapper=true}

  .   ____          _            __ _ _
 /\\ / ___'_ __ _ _(_)_ __  __ _ \ \ \ \
( ( )\___ | '_ | '_| | '_ \/ _` | \ \ \ \
 \\/  ___)| |_)| | | | | || (_| |  ) ) ) )
  '  |____| .__|_| |_|_| |_\__, | / / / /
 =========|_|==============|___/=/_/_/_/
 :: Spring Boot ::                (v2.4.5)

2021-05-14 01:02:47.805  INFO 12012 --- [    Test worker] c.t.baseball.BaseballApplicationTests    : Starting BaseballApplicationTests using Java 1.8.0_281 on DESKTOP-0TKQH25 with PID 12012 (started by 82104 in C:\java2\codesquad_project\baseball\baseball\be)
2021-05-14 01:02:47.809  INFO 12012 --- [    Test worker] c.t.baseball.BaseballApplicationTests    : No active profile set, falling back to default profiles: default
2021-05-14 01:02:48.758  INFO 12012 --- [    Test worker] .s.d.r.c.RepositoryConfigurationDelegate : Bootstrapping Spring Data JDBC repositories in DEFAULT mode.
2021-05-14 01:02:48.945  INFO 12012 --- [    Test worker] .s.d.r.c.RepositoryConfigurationDelegate : Finished Spring Data repository scanning in 180 ms. Found 8 JDBC repository interfaces.
2021-05-14 01:02:49.656  INFO 12012 --- [    Test worker] com.zaxxer.hikari.HikariDataSource       : HikariPool-1 - Starting...
2021-05-14 01:02:51.357  INFO 12012 --- [    Test worker] com.zaxxer.hikari.HikariDataSource       : HikariPool-1 - Start completed.
2021-05-14 01:02:53.500  INFO 12012 --- [    Test worker] o.s.s.concurrent.ThreadPoolTaskExecutor  : Initializing ExecutorService 'applicationTaskExecutor'
2021-05-14 01:02:54.176  INFO 12012 --- [    Test worker] c.t.baseball.BaseballApplicationTests    : Started BaseballApplicationTests in 6.79 seconds (JVM running for 9.369)
]]></system-out>
  <system-err><![CDATA[]]></system-err>
</testsuite>
